#
# There is insufficient memory for the Java Runtime Environment to continue.
# Native memory allocation (mmap) failed to map 134217728 bytes for Failed to commit area from 0x0000000081c00000 to 0x0000000089c00000 of length 134217728.
# Possible reasons:
#   The system is out of physical RAM or swap space
#   The process is running with CompressedOops enabled, and the Java Heap may be blocking the growth of the native heap
# Possible solutions:
#   Reduce memory load on the system
#   Increase physical memory or swap space
#   Check if swap backing store is full
#   Decrease Java heap size (-Xmx/-Xms)
#   Decrease number of Java threads
#   Decrease Java thread stack sizes (-Xss)
#   Set larger code cache with -XX:ReservedCodeCacheSize=
# This output file may be truncated or incomplete.
#
#  Out of Memory Error (./src/hotspot/os/windows/os_windows.cpp:3619), pid=6084, tid=15168
#
# JRE version:  (11.0.13) (build )
# Java VM: OpenJDK 64-Bit Server VM (11.0.13+0-b1751.21-8125866, mixed mode, sharing, tiered, compressed oops, g1 gc, windows-amd64)
# No core dump will be written. Minidumps are not enabled by default on client versions of Windows
#

---------------  S U M M A R Y ------------

Command Line: git4idea.http.GitAskPassApp Username for 'https://github.com': 

Host: Intel(R) Core(TM) i5-9300H CPU @ 2.40GHz, 8 cores, 7G,  Windows 11 , 64 bit Build 22621 (10.0.22621.755)
Time: Mon Nov 28 13:28:15 2022 SA Western Standard Time elapsed time: 0.010684 seconds (0d 0h 0m 0s)

---------------  T H R E A D  ---------------

Current thread (0x0000018a7dba3000):  JavaThread "Unknown thread" [_thread_in_vm, id=15168, stack(0x00000036e5b00000,0x00000036e5c00000)]

Stack: [0x00000036e5b00000,0x00000036e5c00000]
Native frames: (J=compiled Java code, j=interpreted, Vv=VM code, C=native code)
V  [jvm.dll+0x6100fa]
V  [jvm.dll+0x747090]
V  [jvm.dll+0x7486ad]
V  [jvm.dll+0x748d83]
V  [jvm.dll+0x24ab48]
V  [jvm.dll+0x60d164]
V  [jvm.dll+0x601e75]
V  [jvm.dll+0x308bdb]
V  [jvm.dll+0x308b4a]
V  [jvm.dll+0x308a22]
V  [jvm.dll+0x30d986]
V  [jvm.dll+0x357093]
V  [jvm.dll+0x357796]
V  [jvm.dll+0x357193]
V  [jvm.dll+0x2e3448]
V  [jvm.dll+0x2e45f7]
V  [jvm.dll+0x7242e7]
V  [jvm.dll+0x725adc]
V  [jvm.dll+0x364629]
V  [jvm.dll+0x707cee]
V  [jvm.dll+0x3d2633]
V  [jvm.dll+0x3d4a21]
C  [jli.dll+0x536b]
C  [ucrtbase.dll+0x29363]
C  [KERNEL32.DLL+0x1244d]
C  [ntdll.dll+0x5dfb8]


---------------  P R O C E S S  ---------------

Threads class SMR info:
_java_thread_list=0x0000018a7b99df60, length=0, elements={
}

Java Threads: ( => current thread )

Other Threads:
  0x0000018a7dbba800 GCTaskThread "GC Thread#0" [stack: 0x00000036e5c00000,0x00000036e5d00000] [id=11464]
  0x0000018a7dbec000 ConcurrentGCThread "G1 Main Marker" [stack: 0x00000036e5d00000,0x00000036e5e00000] [id=4728]
  0x0000018a7dbed000 ConcurrentGCThread "G1 Conc#0" [stack: 0x00000036e5e00000,0x00000036e5f00000] [id=16988]

[error occurred during error reporting (printing all threads), id 0xc0000005, EXCEPTION_ACCESS_VIOLATION (0xc0000005) at pc=0x00007fff9da63dd7]

VM state:not at safepoint (not fully initialized)

VM Mutex/Monitor currently owned by a thread:  ([mutex/lock_event])
[0x0000018a7db9f270] Heap_lock - owner thread: 0x0000018a7dba3000

Heap address: 0x0000000081c00000, size: 2020 MB, Compressed Oops mode: Non-zero based: 0x0000000081c00000
Narrow klass base: 0x0000000000000000, Narrow klass shift: 0

GC Heap History (0 events):
No events

Deoptimization events (0 events):
No events

Classes redefined (0 events):
No events

Internal exceptions (0 events):
No events

Events (1 events):
Event: 0.007 Loaded shared library C:\Program Files\Android\Android Studio\jre\bin\zip.dll


Dynamic libraries:
0x00007ff7291f0000 - 0x00007ff7291fa000 	C:\Program Files\Android\Android Studio\jre\bin\java.exe
0x00007ff81c9b0000 - 0x00007ff81cbc4000 	C:\WINDOWS\SYSTEM32\ntdll.dll
0x00007ff81b4e0000 - 0x00007ff81b5a2000 	C:\WINDOWS\System32\KERNEL32.DLL
0x00007ff81a160000 - 0x00007ff81a4fd000 	C:\WINDOWS\System32\KERNELBASE.dll
0x00007ff81a690000 - 0x00007ff81a7a1000 	C:\WINDOWS\System32\ucrtbase.dll
0x00007ffffe0e0000 - 0x00007ffffe0f9000 	C:\Program Files\Android\Android Studio\jre\bin\jli.dll
0x00007fffe0770000 - 0x00007fffe0787000 	C:\Program Files\Android\Android Studio\jre\bin\VCRUNTIME140.dll
0x00007ff81c6d0000 - 0x00007ff81c87a000 	C:\WINDOWS\System32\USER32.dll
0x00007ff800db0000 - 0x00007ff80103e000 	C:\WINDOWS\WinSxS\amd64_microsoft.windows.common-controls_6595b64144ccf1df_6.0.22621.608_none_a9444ca7c10bb01d\COMCTL32.dll
0x00007ff819f50000 - 0x00007ff819f76000 	C:\WINDOWS\System32\win32u.dll
0x00007ff81c500000 - 0x00007ff81c5a7000 	C:\WINDOWS\System32\msvcrt.dll
0x00007ff81b2d0000 - 0x00007ff81b2f9000 	C:\WINDOWS\System32\GDI32.dll
0x00007ff819f80000 - 0x00007ff81a092000 	C:\WINDOWS\System32\gdi32full.dll
0x00007ff81a570000 - 0x00007ff81a60a000 	C:\WINDOWS\System32\msvcp_win.dll
0x00007ff81b700000 - 0x00007ff81b732000 	C:\WINDOWS\System32\IMM32.DLL
0x00007fffd1400000 - 0x00007fffd149d000 	C:\Program Files\Android\Android Studio\jre\bin\msvcp140.dll
0x00007fff9d770000 - 0x00007fff9e272000 	C:\Program Files\Android\Android Studio\jre\bin\server\jvm.dll
0x00007ff81a8d0000 - 0x00007ff81a97e000 	C:\WINDOWS\System32\ADVAPI32.dll
0x00007ff81b140000 - 0x00007ff81b1e4000 	C:\WINDOWS\System32\sechost.dll
0x00007ff81c5b0000 - 0x00007ff81c6c5000 	C:\WINDOWS\System32\RPCRT4.dll
0x00007ff81b900000 - 0x00007ff81b908000 	C:\WINDOWS\System32\PSAPI.DLL
0x00007ff813230000 - 0x00007ff813239000 	C:\WINDOWS\SYSTEM32\WSOCK32.dll
0x00007ff813470000 - 0x00007ff8134a4000 	C:\WINDOWS\SYSTEM32\WINMM.dll
0x00007ff8118a0000 - 0x00007ff8118aa000 	C:\WINDOWS\SYSTEM32\VERSION.dll
0x00007ff81b1f0000 - 0x00007ff81b261000 	C:\WINDOWS\System32\WS2_32.dll
0x00007ff818e10000 - 0x00007ff818e28000 	C:\WINDOWS\SYSTEM32\kernel.appcore.dll
0x00007ff806170000 - 0x00007ff806181000 	C:\Program Files\Android\Android Studio\jre\bin\verify.dll
0x00007ff8177b0000 - 0x00007ff8179de000 	C:\WINDOWS\SYSTEM32\DBGHELP.DLL
0x00007ff81b910000 - 0x00007ff81bc9a000 	C:\WINDOWS\System32\combase.dll
0x00007ff81b5b0000 - 0x00007ff81b687000 	C:\WINDOWS\System32\OLEAUT32.dll
0x00007ffff5050000 - 0x00007ffff5082000 	C:\WINDOWS\SYSTEM32\dbgcore.DLL
0x00007ff81a610000 - 0x00007ff81a68b000 	C:\WINDOWS\System32\bcryptPrimitives.dll
0x00007ff805e90000 - 0x00007ff805eb9000 	C:\Program Files\Android\Android Studio\jre\bin\java.dll
0x00007ff807c30000 - 0x00007ff807c3b000 	C:\Program Files\Android\Android Studio\jre\bin\jimage.dll
0x00007ff8059d0000 - 0x00007ff8059e8000 	C:\Program Files\Android\Android Studio\jre\bin\zip.dll

dbghelp: loaded successfully - version: 4.0.5 - missing functions: none
symbol engine: initialized successfully - sym options: 0x614 - pdb path: .;C:\Program Files\Android\Android Studio\jre\bin;C:\WINDOWS\SYSTEM32;C:\WINDOWS\WinSxS\amd64_microsoft.windows.common-controls_6595b64144ccf1df_6.0.22621.608_none_a9444ca7c10bb01d;C:\Program Files\Android\Android Studio\jre\bin\server

VM Arguments:
java_command: git4idea.http.GitAskPassApp Username for 'https://github.com': 
java_class_path (initial): C:/Program Files/Android/Android Studio/plugins/git4idea/lib/git4idea-rt.jar;C:/Program Files/Android/Android Studio/lib/3rd-party.jar;C:/Program Files/Android/Android Studio/lib/3rd-party-rt.jar
Launcher Type: SUN_STANDARD

[Global flags]
     intx CICompilerCount                          = 4                                         {product} {ergonomic}
     uint ConcGCThreads                            = 2                                         {product} {ergonomic}
     uint G1ConcRefinementThreads                  = 8                                         {product} {ergonomic}
   size_t G1HeapRegionSize                         = 1048576                                   {product} {ergonomic}
    uintx GCDrainStackTargetSize                   = 64                                        {product} {ergonomic}
   size_t InitialHeapSize                          = 134217728                                 {product} {ergonomic}
   size_t MarkStackSize                            = 4194304                                   {product} {ergonomic}
   size_t MaxHeapSize                              = 2118123520                                {product} {ergonomic}
   size_t MinHeapDeltaBytes                        = 1048576                                   {product} {ergonomic}
    uintx NonNMethodCodeHeapSize                   = 5836300                                {pd product} {ergonomic}
    uintx NonProfiledCodeHeapSize                  = 122910970                              {pd product} {ergonomic}
    uintx ProfiledCodeHeapSize                     = 122910970                              {pd product} {ergonomic}
    uintx ReservedCodeCacheSize                    = 251658240                              {pd product} {ergonomic}
     bool SegmentedCodeCache                       = true                                      {product} {ergonomic}
     bool UseCompressedClassPointers               = true                                 {lp64_product} {ergonomic}
     bool UseCompressedOops                        = true                                 {lp64_product} {ergonomic}
     bool UseG1GC                                  = true                                      {product} {ergonomic}
     bool UseLargePagesIndividualAllocation        = false                                  {pd product} {ergonomic}

Logging:
Log output configuration:
 #0: stdout all=warning uptime,level,tags
 #1: stderr all=off uptime,level,tags

Environment Variables:
PATH=C:\Program Files\Git\mingw64\libexec\git-core;C:\Program Files\Git\mingw64\libexec\git-core;C:\Program Files\Git\mingw64\bin;C:\Program Files\Git\usr\bin;C:\Users\User\bin;C:\Program Files (x86)\Common Files\Oracle\Java\javapath;C:\Windows\system32;C:\Windows;C:\Windows\System32\Wbem;C:\Windows\System32\WindowsPowerShell\v1.0;C:\Windows\System32\OpenSSH;C:\Program Files (x86)\NVIDIA Corporation\PhysX\Common;C:\Program Files\NVIDIA Corporation\NVIDIA NvDLISR;C:\WINDOWS\system32;C:\WINDOWS;C:\WINDOWS\System32\Wbem;C:\WINDOWS\System32\WindowsPowerShell\v1.0;C:\WINDOWS\System32\OpenSSH;C:\Program Files\nodejs;C:\Program Files\PuTTY;C:\Program Files (x86)\SMLNJ\bin;C:\Program Files\Microsoft SQL Server\Client SDK\ODBC\170\Tools\Binn;C:\Program Files (x86)\Microsoft SQL Server\150\Tools\Binn;C:\Program Files\Microsoft SQL Server\150\Tools\Binn;C:\Program Files\Microsoft SQL Server\150\DTS\Binn;C:\Program Files (x86)\Microsoft SQL Server\150\DTS\Binn;C:\Program Files\Azure Data Studio\bin;C:\Program Files\dotnet;C:\Program Files (x86)\GnuWin32\bin;C:\Program Files\swipl\bin;C:\Apache24\Apache24\bin;C:\Apache24\Apache24\modules;C:\Program Files\Git\cmd;C:\WINDOWS\system32;C:\WINDOWS;C:\WINDOWS\System32\Wbem;C:\WINDOWS\System32\WindowsPowerShell\v1.0;C:\WINDOWS\System32\OpenSSH;C:\Users\User\AppData\Roaming\Microsoft\Windows\Start Menu\Programs\Python 3.9;C:\Users\User\AppData\Local\Programs\Python\Python39\Scripts';C:\Users\User\AppData\Local\Programs\Python\Python39\Scripts;C:\Users\User\AppData\Local\Programs\Python\Python311\Scripts;C:\Users\User\AppData\Local\Programs\Python\Python311;C:\Program Files (x86)\Common Files\Oracle\Java\javapath;C:\Windows\system32;C:\Windows;C:\Windows\System32\Wbem;C:\Windows\System32\WindowsPowerShell\v1.0;C:\Windows\System32\OpenSSH;C:\Program Files (x86)\NVIDIA Corporation\PhysX\Common;C:\Program Files\NVIDIA Corporation\NVIDIA NvDLISR;C:\WINDOWS\system32;C:\WINDOWS;C:\WINDOWS\System32\Wbem;C:\WINDOWS\System32\WindowsPowerShell\v1.0;C
USERNAME=User
DISPLAY=:0.0
LC_ALL=en_US.UTF-8
OS=Windows_NT
PROCESSOR_IDENTIFIER=Intel64 Family 6 Model 158 Stepping 10, GenuineIntel



---------------  S Y S T E M  ---------------

OS: Windows 11 , 64 bit Build 22621 (10.0.22621.755)
OS uptime: 0 days 8:34 hours
Hyper-V role detected

CPU:total 8 (initial active 8) (4 cores per cpu, 2 threads per core) family 6 model 158 stepping 10 microcode 0xde, cmov, cx8, fxsr, mmx, sse, sse2, sse3, ssse3, sse4.1, sse4.2, popcnt, avx, avx2, aes, clmul, erms, 3dnowpref, lzcnt, ht, tsc, tscinvbit, bmi1, bmi2, adx, fma

Memory: 4k page, system-wide physical 8072M (803M free)
TotalPageFile size 13613M (AvailPageFile size 120M)
current process WorkingSet (physical memory assigned to process): 11M, peak: 11M
current process commit charge ("private bytes"): 60M, peak: 188M

vm_info: OpenJDK 64-Bit Server VM (11.0.13+0-b1751.21-8125866) for windows-amd64 JRE (11.0.13+0-b1751.21-8125866), built on Feb  2 2022 03:00:22 by "builder" with MS VC++ 14.0 (VS2015)

END.
